Gtk-Message: Failed to load module "canberra-gtk-module"
[   1792]  ERROR -    #com.intellij.lang.Language - Language with ID 'Markdown' is already registered: class com.vladsch.idea.multimarkdown.MarkdownLanguage 
java.lang.Throwable
	at com.intellij.openapi.diagnostic.Logger.error(Logger.java:127)
	at com.intellij.lang.Language.<init>(Language.java:87)
	at com.intellij.lang.Language.<init>(Language.java:72)
	at org.intellij.plugins.markdown.lang.MarkdownLanguage.<init>(MarkdownLanguage.java:25)
	at org.intellij.plugins.markdown.lang.MarkdownLanguage.<clinit>(MarkdownLanguage.java:22)
	at org.intellij.plugins.markdown.lang.MarkdownFileType.<init>(MarkdownFileType.java:30)
	at org.intellij.plugins.markdown.lang.MarkdownFileType.<clinit>(MarkdownFileType.java:27)
	at org.intellij.plugins.markdown.lang.MarkdownFileTypeFactory.createFileTypes(MarkdownFileTypeFactory.java:25)
	at com.intellij.openapi.fileTypes.impl.FileTypeManagerImpl.initStandardFileTypes(FileTypeManagerImpl.java:310)
	at com.intellij.openapi.fileTypes.impl.FileTypeManagerImpl.<init>(FileTypeManagerImpl.java:270)
	at sun.reflect.NativeConstructorAccessorImpl.newInstance0(Native Method)
	at sun.reflect.NativeConstructorAccessorImpl.newInstance(NativeConstructorAccessorImpl.java:62)
	at sun.reflect.DelegatingConstructorAccessorImpl.newInstance(DelegatingConstructorAccessorImpl.java:45)
	at java.lang.reflect.Constructor.newInstance(Constructor.java:423)
	at org.picocontainer.defaults.InstantiatingComponentAdapter.newInstance(InstantiatingComponentAdapter.java:193)
	at org.picocontainer.defaults.ConstructorInjectionComponentAdapter$1.run(ConstructorInjectionComponentAdapter.java:220)
	at org.picocontainer.defaults.ThreadLocalCyclicDependencyGuard.observe(ThreadLocalCyclicDependencyGuard.java:53)
	at org.picocontainer.defaults.ConstructorInjectionComponentAdapter.getComponentInstance(ConstructorInjectionComponentAdapter.java:248)
	at com.intellij.util.pico.CachingConstructorInjectionComponentAdapter.getComponentInstance(CachingConstructorInjectionComponentAdapter.java:58)
	at com.intellij.openapi.components.impl.ComponentManagerImpl$ComponentConfigComponentAdapter.getComponentInstance(ComponentManagerImpl.java:495)
	at com.intellij.openapi.components.impl.ComponentManagerImpl.createComponents(ComponentManagerImpl.java:119)
	at com.intellij.openapi.application.impl.ApplicationImpl.a(ApplicationImpl.java:429)
	at com.intellij.openapi.progress.impl.CoreProgressManager$3.run(CoreProgressManager.java:170)
	at com.intellij.openapi.progress.impl.CoreProgressManager.a(CoreProgressManager.java:494)
	at com.intellij.openapi.progress.impl.CoreProgressManager.executeProcessUnderProgress(CoreProgressManager.java:443)
	at com.intellij.openapi.progress.impl.ProgressManagerImpl.executeProcessUnderProgress(ProgressManagerImpl.java:54)
	at com.intellij.openapi.progress.impl.CoreProgressManager.runProcess(CoreProgressManager.java:155)
	at com.intellij.openapi.application.impl.ApplicationImpl.createComponents(ApplicationImpl.java:436)
	at com.intellij.openapi.components.impl.ComponentManagerImpl.init(ComponentManagerImpl.java:103)
	at com.intellij.openapi.application.impl.ApplicationImpl.load(ApplicationImpl.java:392)
	at com.intellij.openapi.application.impl.ApplicationImpl.load(ApplicationImpl.java:384)
	at com.intellij.idea.IdeaApplication.run(IdeaApplication.java:193)
	at sun.reflect.NativeMethodAccessorImpl.invoke0(Native Method)
	at sun.reflect.NativeMethodAccessorImpl.invoke(NativeMethodAccessorImpl.java:62)
	at sun.reflect.DelegatingMethodAccessorImpl.invoke(DelegatingMethodAccessorImpl.java:43)
	at java.lang.reflect.Method.invoke(Method.java:498)
	at com.intellij.idea.MainImpl$1$1.a(MainImpl.java:62)
	at java.awt.event.InvocationEvent.dispatch(InvocationEvent.java:311)
	at java.awt.EventQueue.dispatchEventImpl(EventQueue.java:756)
	at java.awt.EventQueue.access$500(EventQueue.java:97)
	at java.awt.EventQueue$3.run(EventQueue.java:709)
	at java.awt.EventQueue$3.run(EventQueue.java:703)
	at java.security.AccessController.doPrivileged(Native Method)
	at java.security.ProtectionDomain$JavaSecurityAccessImpl.doIntersectionPrivilege(ProtectionDomain.java:76)
	at java.awt.EventQueue.dispatchEvent(EventQueue.java:726)
	at com.intellij.ide.IdeEventQueue.dispatchEvent(IdeEventQueue.java:358)
	at java.awt.EventDispatchThread.pumpOneEventForFilters(EventDispatchThread.java:201)
	at java.awt.EventDispatchThread.pumpEventsForFilter(EventDispatchThread.java:116)
	at java.awt.EventDispatchThread.pumpEventsForHierarchy(EventDispatchThread.java:105)
	at java.awt.EventDispatchThread.pumpEvents(EventDispatchThread.java:101)
	at java.awt.EventDispatchThread.pumpEvents(EventDispatchThread.java:93)
	at java.awt.EventDispatchThread.run(EventDispatchThread.java:82)
[   1796]  ERROR -    #com.intellij.lang.Language - PhpStorm 2016.2.1  Build #PS-162.1889.1 
[   1796]  ERROR -    #com.intellij.lang.Language - JDK: 1.8.0_76-release 
[   1796]  ERROR -    #com.intellij.lang.Language - VM: OpenJDK 64-Bit Server VM 
[   1796]  ERROR -    #com.intellij.lang.Language - Vendor: JetBrains s.r.o 
[   1797]  ERROR -    #com.intellij.lang.Language - OS: Linux 
[  14724]   WARN - om.intellij.util.ProfilingUtil - Profiling agent is not enabled. Add -agentlib:yjpagent to idea.vmoptions if necessary to profile IDEA. 
[  15917]   WARN - napi.components.ServiceManager - com.jetbrains.php.framework.structure.FrameworkStructureProjectSettings requested as a service, but it is a component - convert it to a service or change call to project.getComponent() 
[ 143688]  ERROR - mpl.search.PsiSearchHelperImpl - com/jetbrains/twig/TwigFile 
java.lang.NoClassDefFoundError: com/jetbrains/twig/TwigFile
	at com.xenji.php.symfony2.clickableviews.TwigViewPsiReference.isReferenceTo(TwigViewPsiReference.java:155)
	at com.intellij.psi.search.SingleTargetRequestResultProcessor.processTextOccurrence(SingleTargetRequestResultProcessor.java:52)
	at com.intellij.psi.impl.search.PsiSearchHelperImpl$10.execute(PsiSearchHelperImpl.java:736)
	at com.intellij.psi.impl.search.LowLevelSearchUtil.a(LowLevelSearchUtil.java:134)
	at com.intellij.psi.impl.search.LowLevelSearchUtil.access$000(LowLevelSearchUtil.java:47)
	at com.intellij.psi.impl.search.LowLevelSearchUtil$1.execute(LowLevelSearchUtil.java:204)
	at com.intellij.psi.impl.search.LowLevelSearchUtil.processTextOccurrences(LowLevelSearchUtil.java:271)
	at com.intellij.psi.impl.search.LowLevelSearchUtil.processElementsContainingWordInElement(LowLevelSearchUtil.java:200)
	at com.intellij.psi.impl.search.PsiSearchHelperImpl$2.processInReadAction(PsiSearchHelperImpl.java:200)
	at com.intellij.psi.impl.search.PsiSearchHelperImpl$2.processInReadAction(PsiSearchHelperImpl.java:188)
	at com.intellij.openapi.application.ReadActionProcessor$1.compute(ReadActionProcessor.java:32)
	at com.intellij.openapi.application.ReadActionProcessor$1.compute(ReadActionProcessor.java:29)
	at com.intellij.openapi.application.impl.ApplicationImpl.runReadAction(ApplicationImpl.java:859)
	at com.intellij.openapi.application.ReadActionProcessor.process(ReadActionProcessor.java:29)
	at com.intellij.concurrency.ApplierCompleter.a(ApplierCompleter.java:123)
	at com.intellij.openapi.application.impl.ApplicationImpl.tryRunReadAction(ApplicationImpl.java:1026)
	at com.intellij.concurrency.ApplierCompleter.b(ApplierCompleter.java:96)
	at com.intellij.openapi.progress.impl.CoreProgressManager.a(CoreProgressManager.java:494)
	at com.intellij.openapi.progress.impl.CoreProgressManager.executeProcessUnderProgress(CoreProgressManager.java:443)
	at com.intellij.openapi.progress.impl.ProgressManagerImpl.executeProcessUnderProgress(ProgressManagerImpl.java:54)
	at com.intellij.concurrency.ApplierCompleter.a(ApplierCompleter.java:106)
	at com.intellij.concurrency.ApplierCompleter.compute(ApplierCompleter.java:91)
	at java.util.concurrent.CountedCompleter.exec(CountedCompleter.java:731)
	at java.util.concurrent.ForkJoinTask.doExec(ForkJoinTask.java:289)
	at java.util.concurrent.ForkJoinPool$WorkQueue.pollAndExecCC(ForkJoinPool.java:1190)
	at java.util.concurrent.ForkJoinPool.helpComplete(ForkJoinPool.java:1879)
	at java.util.concurrent.ForkJoinPool.awaitJoin(ForkJoinPool.java:2045)
	at java.util.concurrent.ForkJoinTask.doJoin(ForkJoinTask.java:390)
	at java.util.concurrent.ForkJoinTask.join(ForkJoinTask.java:719)
	at java.util.concurrent.ForkJoinPool.invoke(ForkJoinPool.java:2616)
	at com.intellij.concurrency.JobLauncherImpl.invokeConcurrentlyUnderProgress(JobLauncherImpl.java:60)
	at com.intellij.psi.impl.search.PsiSearchHelperImpl.processElementsWithWord(PsiSearchHelperImpl.java:208)
	at com.intellij.psi.impl.search.PsiSearchHelperImpl.a(PsiSearchHelperImpl.java:905)
	at com.intellij.psi.impl.search.PsiSearchHelperImpl.processRequests(PsiSearchHelperImpl.java:597)
	at com.intellij.psi.search.SearchRequestQuery.processResults(SearchRequestQuery.java:45)
	at com.intellij.util.AbstractQuery.forEach(AbstractQuery.java:79)
	at com.intellij.util.MergeQuery.processSubQuery(MergeQuery.java:85)
	at com.intellij.util.MergeQuery.forEach(MergeQuery.java:57)
	at com.intellij.util.UniqueResultsQuery.process(UniqueResultsQuery.java:66)
	at com.intellij.util.UniqueResultsQuery.forEach(UniqueResultsQuery.java:56)
	at com.intellij.util.UniqueResultsQuery.findAll(UniqueResultsQuery.java:79)
	at com.intellij.find.findUsages.FindUsagesHandler.findReferencesToHighlight(FindUsagesHandler.java:176)
	at com.intellij.codeInsight.daemon.impl.IdentifierHighlighterPass.a(IdentifierHighlighterPass.java:162)
	at com.intellij.codeInsight.daemon.impl.IdentifierHighlighterPass.getHighlightUsages(IdentifierHighlighterPass.java:139)
	at com.intellij.codeInsight.daemon.impl.IdentifierHighlighterPass.a(IdentifierHighlighterPass.java:195)
	at com.intellij.codeInsight.daemon.impl.IdentifierHighlighterPass.doCollectInformation(IdentifierHighlighterPass.java:106)
	at com.intellij.codeHighlighting.TextEditorHighlightingPass.collectInformation(TextEditorHighlightingPass.java:70)
	at com.intellij.codeInsight.daemon.impl.PassExecutorService$ScheduledPass.a(PassExecutorService.java:434)
	at com.intellij.openapi.application.impl.ApplicationImpl.tryRunReadAction(ApplicationImpl.java:1026)
	at com.intellij.codeInsight.daemon.impl.PassExecutorService$ScheduledPass.c(PassExecutorService.java:427)
	at com.intellij.openapi.progress.impl.CoreProgressManager.a(CoreProgressManager.java:494)
	at com.intellij.openapi.progress.impl.CoreProgressManager.executeProcessUnderProgress(CoreProgressManager.java:443)
	at com.intellij.openapi.progress.impl.ProgressManagerImpl.executeProcessUnderProgress(ProgressManagerImpl.java:54)
	at com.intellij.codeInsight.daemon.impl.PassExecutorService$ScheduledPass.b(PassExecutorService.java:426)
	at com.intellij.codeInsight.daemon.impl.PassExecutorService$ScheduledPass.run(PassExecutorService.java:402)
	at com.intellij.concurrency.JobLauncherImpl$VoidForkJoinTask$1.exec(JobLauncherImpl.java:154)
	at java.util.concurrent.ForkJoinTask.doExec(ForkJoinTask.java:289)
	at java.util.concurrent.ForkJoinPool$WorkQueue.runTask(ForkJoinPool.java:1056)
	at java.util.concurrent.ForkJoinPool.runWorker(ForkJoinPool.java:1692)
	at java.util.concurrent.ForkJoinWorkerThread.run(ForkJoinWorkerThread.java:157)
Caused by: java.lang.ClassNotFoundException: com.jetbrains.twig.TwigFile PluginClassLoader[Symfony2 - Clickable Views, 0.1.4]
	at com.intellij.ide.plugins.cl.PluginClassLoader.loadClass(PluginClassLoader.java:64)
	at java.lang.ClassLoader.loadClass(ClassLoader.java:357)
	... 60 more
[ 143703]  ERROR - mpl.search.PsiSearchHelperImpl - PhpStorm 2016.2.1  Build #PS-162.1889.1 
[ 143704]  ERROR - mpl.search.PsiSearchHelperImpl - JDK: 1.8.0_76-release 
[ 143704]  ERROR - mpl.search.PsiSearchHelperImpl - VM: OpenJDK 64-Bit Server VM 
[ 143704]  ERROR - mpl.search.PsiSearchHelperImpl - Vendor: JetBrains s.r.o 
[ 143704]  ERROR - mpl.search.PsiSearchHelperImpl - OS: Linux 
[ 143704]  ERROR - mpl.search.PsiSearchHelperImpl - Last Action: SaveAll 
[10125947]   WARN - tectAndAdjustIndentOptionsTask - Indent detection is too long for: DefaultController.php 
[10125947]   WARN - tectAndAdjustIndentOptionsTask - Indent detection is too long for: menu1.html.twig 
[10125947]   WARN - tectAndAdjustIndentOptionsTask - Indent detection is too long for: menu2.html.twig 
[10127807]  ERROR - mpl.search.PsiSearchHelperImpl - com/jetbrains/twig/TwigFile 
java.lang.NoClassDefFoundError: com/jetbrains/twig/TwigFile
	at com.xenji.php.symfony2.clickableviews.TwigViewPsiReference.isReferenceTo(TwigViewPsiReference.java:155)
	at com.intellij.psi.search.SingleTargetRequestResultProcessor.processTextOccurrence(SingleTargetRequestResultProcessor.java:52)
	at com.intellij.psi.impl.search.PsiSearchHelperImpl$10.execute(PsiSearchHelperImpl.java:736)
	at com.intellij.psi.impl.search.LowLevelSearchUtil.a(LowLevelSearchUtil.java:134)
	at com.intellij.psi.impl.search.LowLevelSearchUtil.access$000(LowLevelSearchUtil.java:47)
	at com.intellij.psi.impl.search.LowLevelSearchUtil$1.execute(LowLevelSearchUtil.java:204)
	at com.intellij.psi.impl.search.LowLevelSearchUtil.processTextOccurrences(LowLevelSearchUtil.java:271)
	at com.intellij.psi.impl.search.LowLevelSearchUtil.processElementsContainingWordInElement(LowLevelSearchUtil.java:200)
	at com.intellij.psi.impl.search.PsiSearchHelperImpl$2.processInReadAction(PsiSearchHelperImpl.java:200)
	at com.intellij.psi.impl.search.PsiSearchHelperImpl$2.processInReadAction(PsiSearchHelperImpl.java:188)
	at com.intellij.openapi.application.ReadActionProcessor$1.compute(ReadActionProcessor.java:32)
	at com.intellij.openapi.application.ReadActionProcessor$1.compute(ReadActionProcessor.java:29)
	at com.intellij.openapi.application.impl.ApplicationImpl.runReadAction(ApplicationImpl.java:859)
	at com.intellij.openapi.application.ReadActionProcessor.process(ReadActionProcessor.java:29)
	at com.intellij.concurrency.ApplierCompleter.a(ApplierCompleter.java:123)
	at com.intellij.openapi.application.impl.ApplicationImpl.tryRunReadAction(ApplicationImpl.java:1026)
	at com.intellij.concurrency.ApplierCompleter.b(ApplierCompleter.java:96)
	at com.intellij.openapi.progress.impl.CoreProgressManager.a(CoreProgressManager.java:494)
	at com.intellij.openapi.progress.impl.CoreProgressManager.executeProcessUnderProgress(CoreProgressManager.java:443)
	at com.intellij.openapi.progress.impl.ProgressManagerImpl.executeProcessUnderProgress(ProgressManagerImpl.java:54)
	at com.intellij.concurrency.ApplierCompleter.a(ApplierCompleter.java:106)
	at com.intellij.concurrency.ApplierCompleter.compute(ApplierCompleter.java:91)
	at java.util.concurrent.CountedCompleter.exec(CountedCompleter.java:731)
	at java.util.concurrent.ForkJoinTask.doExec(ForkJoinTask.java:289)
	at java.util.concurrent.ForkJoinPool$WorkQueue.pollAndExecCC(ForkJoinPool.java:1190)
	at java.util.concurrent.ForkJoinPool.helpComplete(ForkJoinPool.java:1879)
	at java.util.concurrent.ForkJoinPool.awaitJoin(ForkJoinPool.java:2045)
	at java.util.concurrent.ForkJoinTask.doJoin(ForkJoinTask.java:390)
	at java.util.concurrent.ForkJoinTask.join(ForkJoinTask.java:719)
	at java.util.concurrent.ForkJoinPool.invoke(ForkJoinPool.java:2616)
	at com.intellij.concurrency.JobLauncherImpl.invokeConcurrentlyUnderProgress(JobLauncherImpl.java:60)
	at com.intellij.psi.impl.search.PsiSearchHelperImpl.processElementsWithWord(PsiSearchHelperImpl.java:208)
	at com.intellij.psi.impl.search.PsiSearchHelperImpl.a(PsiSearchHelperImpl.java:905)
	at com.intellij.psi.impl.search.PsiSearchHelperImpl.processRequests(PsiSearchHelperImpl.java:597)
	at com.intellij.psi.search.SearchRequestQuery.processResults(SearchRequestQuery.java:45)
	at com.intellij.util.AbstractQuery.forEach(AbstractQuery.java:79)
	at com.intellij.util.MergeQuery.processSubQuery(MergeQuery.java:85)
	at com.intellij.util.MergeQuery.forEach(MergeQuery.java:57)
	at com.intellij.util.UniqueResultsQuery.process(UniqueResultsQuery.java:66)
	at com.intellij.util.UniqueResultsQuery.forEach(UniqueResultsQuery.java:56)
	at com.intellij.util.UniqueResultsQuery.findAll(UniqueResultsQuery.java:79)
	at com.intellij.find.findUsages.FindUsagesHandler.findReferencesToHighlight(FindUsagesHandler.java:176)
	at com.intellij.codeInsight.daemon.impl.IdentifierHighlighterPass.a(IdentifierHighlighterPass.java:162)
	at com.intellij.codeInsight.daemon.impl.IdentifierHighlighterPass.getHighlightUsages(IdentifierHighlighterPass.java:139)
	at com.intellij.codeInsight.daemon.impl.IdentifierHighlighterPass.a(IdentifierHighlighterPass.java:195)
	at com.intellij.codeInsight.daemon.impl.IdentifierHighlighterPass.doCollectInformation(IdentifierHighlighterPass.java:106)
	at com.intellij.codeHighlighting.TextEditorHighlightingPass.collectInformation(TextEditorHighlightingPass.java:70)
	at com.intellij.codeInsight.daemon.impl.PassExecutorService$ScheduledPass.a(PassExecutorService.java:434)
	at com.intellij.openapi.application.impl.ApplicationImpl.tryRunReadAction(ApplicationImpl.java:1026)
	at com.intellij.codeInsight.daemon.impl.PassExecutorService$ScheduledPass.c(PassExecutorService.java:427)
	at com.intellij.openapi.progress.impl.CoreProgressManager.a(CoreProgressManager.java:494)
	at com.intellij.openapi.progress.impl.CoreProgressManager.executeProcessUnderProgress(CoreProgressManager.java:443)
	at com.intellij.openapi.progress.impl.ProgressManagerImpl.executeProcessUnderProgress(ProgressManagerImpl.java:54)
	at com.intellij.codeInsight.daemon.impl.PassExecutorService$ScheduledPass.b(PassExecutorService.java:426)
	at com.intellij.codeInsight.daemon.impl.PassExecutorService$ScheduledPass.run(PassExecutorService.java:402)
	at com.intellij.concurrency.JobLauncherImpl$VoidForkJoinTask$1.exec(JobLauncherImpl.java:154)
	at java.util.concurrent.ForkJoinTask.doExec(ForkJoinTask.java:289)
	at java.util.concurrent.ForkJoinPool$WorkQueue.runTask(ForkJoinPool.java:1056)
	at java.util.concurrent.ForkJoinPool.runWorker(ForkJoinPool.java:1692)
	at java.util.concurrent.ForkJoinWorkerThread.run(ForkJoinWorkerThread.java:157)
[10127810]  ERROR - mpl.search.PsiSearchHelperImpl - PhpStorm 2016.2.1  Build #PS-162.1889.1 
[10127810]  ERROR - mpl.search.PsiSearchHelperImpl - JDK: 1.8.0_76-release 
[10127810]  ERROR - mpl.search.PsiSearchHelperImpl - VM: OpenJDK 64-Bit Server VM 
[10127810]  ERROR - mpl.search.PsiSearchHelperImpl - Vendor: JetBrains s.r.o 
[10127810]  ERROR - mpl.search.PsiSearchHelperImpl - OS: Linux 
[10127810]  ERROR - mpl.search.PsiSearchHelperImpl - Last Action: SaveAll 
[10312596]  ERROR - mpl.search.PsiSearchHelperImpl - com/jetbrains/twig/TwigFile 
java.lang.NoClassDefFoundError: com/jetbrains/twig/TwigFile
	at com.xenji.php.symfony2.clickableviews.TwigViewPsiReference.isReferenceTo(TwigViewPsiReference.java:155)
	at com.intellij.psi.search.SingleTargetRequestResultProcessor.processTextOccurrence(SingleTargetRequestResultProcessor.java:52)
	at com.intellij.psi.impl.search.PsiSearchHelperImpl$10.execute(PsiSearchHelperImpl.java:736)
	at com.intellij.psi.impl.search.LowLevelSearchUtil.a(LowLevelSearchUtil.java:134)
	at com.intellij.psi.impl.search.LowLevelSearchUtil.access$000(LowLevelSearchUtil.java:47)
	at com.intellij.psi.impl.search.LowLevelSearchUtil$1.execute(LowLevelSearchUtil.java:204)
	at com.intellij.psi.impl.search.LowLevelSearchUtil.processTextOccurrences(LowLevelSearchUtil.java:271)
	at com.intellij.psi.impl.search.LowLevelSearchUtil.processElementsContainingWordInElement(LowLevelSearchUtil.java:200)
	at com.intellij.psi.impl.search.PsiSearchHelperImpl$2.processInReadAction(PsiSearchHelperImpl.java:200)
	at com.intellij.psi.impl.search.PsiSearchHelperImpl$2.processInReadAction(PsiSearchHelperImpl.java:188)
	at com.intellij.openapi.application.ReadActionProcessor$1.compute(ReadActionProcessor.java:32)
	at com.intellij.openapi.application.ReadActionProcessor$1.compute(ReadActionProcessor.java:29)
	at com.intellij.openapi.application.impl.ApplicationImpl.runReadAction(ApplicationImpl.java:859)
	at com.intellij.openapi.application.ReadActionProcessor.process(ReadActionProcessor.java:29)
	at com.intellij.concurrency.ApplierCompleter.a(ApplierCompleter.java:123)
	at com.intellij.openapi.application.impl.ApplicationImpl.tryRunReadAction(ApplicationImpl.java:1026)
	at com.intellij.concurrency.ApplierCompleter.b(ApplierCompleter.java:96)
	at com.intellij.openapi.progress.impl.CoreProgressManager.a(CoreProgressManager.java:494)
	at com.intellij.openapi.progress.impl.CoreProgressManager.executeProcessUnderProgress(CoreProgressManager.java:443)
	at com.intellij.openapi.progress.impl.ProgressManagerImpl.executeProcessUnderProgress(ProgressManagerImpl.java:54)
	at com.intellij.concurrency.ApplierCompleter.a(ApplierCompleter.java:106)
	at com.intellij.concurrency.ApplierCompleter.compute(ApplierCompleter.java:91)
	at java.util.concurrent.CountedCompleter.exec(CountedCompleter.java:731)
	at java.util.concurrent.ForkJoinTask.doExec(ForkJoinTask.java:289)
	at java.util.concurrent.ForkJoinPool$WorkQueue.pollAndExecCC(ForkJoinPool.java:1190)
	at java.util.concurrent.ForkJoinPool.helpComplete(ForkJoinPool.java:1879)
	at java.util.concurrent.ForkJoinPool.awaitJoin(ForkJoinPool.java:2045)
	at java.util.concurrent.ForkJoinTask.doJoin(ForkJoinTask.java:390)
	at java.util.concurrent.ForkJoinTask.join(ForkJoinTask.java:719)
	at java.util.concurrent.ForkJoinPool.invoke(ForkJoinPool.java:2616)
	at com.intellij.concurrency.JobLauncherImpl.invokeConcurrentlyUnderProgress(JobLauncherImpl.java:60)
	at com.intellij.psi.impl.search.PsiSearchHelperImpl.processElementsWithWord(PsiSearchHelperImpl.java:208)
	at com.intellij.psi.impl.search.PsiSearchHelperImpl.a(PsiSearchHelperImpl.java:905)
	at com.intellij.psi.impl.search.PsiSearchHelperImpl.processRequests(PsiSearchHelperImpl.java:597)
	at com.intellij.psi.search.SearchRequestQuery.processResults(SearchRequestQuery.java:45)
	at com.intellij.util.AbstractQuery.forEach(AbstractQuery.java:79)
	at com.intellij.util.MergeQuery.processSubQuery(MergeQuery.java:85)
	at com.intellij.util.MergeQuery.forEach(MergeQuery.java:57)
	at com.intellij.util.UniqueResultsQuery.process(UniqueResultsQuery.java:66)
	at com.intellij.util.UniqueResultsQuery.forEach(UniqueResultsQuery.java:56)
	at com.intellij.util.UniqueResultsQuery.findAll(UniqueResultsQuery.java:79)
	at com.intellij.find.findUsages.FindUsagesHandler.findReferencesToHighlight(FindUsagesHandler.java:176)
	at com.intellij.codeInsight.daemon.impl.IdentifierHighlighterPass.a(IdentifierHighlighterPass.java:162)
	at com.intellij.codeInsight.daemon.impl.IdentifierHighlighterPass.getHighlightUsages(IdentifierHighlighterPass.java:139)
	at com.intellij.codeInsight.daemon.impl.IdentifierHighlighterPass.a(IdentifierHighlighterPass.java:195)
	at com.intellij.codeInsight.daemon.impl.IdentifierHighlighterPass.doCollectInformation(IdentifierHighlighterPass.java:106)
	at com.intellij.codeHighlighting.TextEditorHighlightingPass.collectInformation(TextEditorHighlightingPass.java:70)
	at com.intellij.codeInsight.daemon.impl.PassExecutorService$ScheduledPass.a(PassExecutorService.java:434)
	at com.intellij.openapi.application.impl.ApplicationImpl.tryRunReadAction(ApplicationImpl.java:1026)
	at com.intellij.codeInsight.daemon.impl.PassExecutorService$ScheduledPass.c(PassExecutorService.java:427)
	at com.intellij.openapi.progress.impl.CoreProgressManager.a(CoreProgressManager.java:494)
	at com.intellij.openapi.progress.impl.CoreProgressManager.executeProcessUnderProgress(CoreProgressManager.java:443)
	at com.intellij.openapi.progress.impl.ProgressManagerImpl.executeProcessUnderProgress(ProgressManagerImpl.java:54)
	at com.intellij.codeInsight.daemon.impl.PassExecutorService$ScheduledPass.b(PassExecutorService.java:426)
	at com.intellij.codeInsight.daemon.impl.PassExecutorService$ScheduledPass.run(PassExecutorService.java:402)
	at com.intellij.concurrency.JobLauncherImpl$VoidForkJoinTask$1.exec(JobLauncherImpl.java:154)
	at java.util.concurrent.ForkJoinTask.doExec(ForkJoinTask.java:289)
	at java.util.concurrent.ForkJoinPool$WorkQueue.runTask(ForkJoinPool.java:1056)
	at java.util.concurrent.ForkJoinPool.runWorker(ForkJoinPool.java:1692)
	at java.util.concurrent.ForkJoinWorkerThread.run(ForkJoinWorkerThread.java:157)
[10312605]  ERROR - mpl.search.PsiSearchHelperImpl - PhpStorm 2016.2.1  Build #PS-162.1889.1 
[10312605]  ERROR - mpl.search.PsiSearchHelperImpl - JDK: 1.8.0_76-release 
[10312605]  ERROR - mpl.search.PsiSearchHelperImpl - VM: OpenJDK 64-Bit Server VM 
[10312605]  ERROR - mpl.search.PsiSearchHelperImpl - Vendor: JetBrains s.r.o 
[10312605]  ERROR - mpl.search.PsiSearchHelperImpl - OS: Linux 
[10312605]  ERROR - mpl.search.PsiSearchHelperImpl - Last Action: EditorLeftWithSelection 
[10554262]  ERROR - mpl.search.PsiSearchHelperImpl - com/jetbrains/twig/TwigFile 
java.lang.NoClassDefFoundError: com/jetbrains/twig/TwigFile
	at com.xenji.php.symfony2.clickableviews.TwigViewPsiReference.isReferenceTo(TwigViewPsiReference.java:155)
	at com.intellij.psi.search.SingleTargetRequestResultProcessor.processTextOccurrence(SingleTargetRequestResultProcessor.java:52)
	at com.intellij.psi.impl.search.PsiSearchHelperImpl$10.execute(PsiSearchHelperImpl.java:736)
	at com.intellij.psi.impl.search.LowLevelSearchUtil.a(LowLevelSearchUtil.java:134)
	at com.intellij.psi.impl.search.LowLevelSearchUtil.access$000(LowLevelSearchUtil.java:47)
	at com.intellij.psi.impl.search.LowLevelSearchUtil$1.execute(LowLevelSearchUtil.java:204)
	at com.intellij.psi.impl.search.LowLevelSearchUtil.processTextOccurrences(LowLevelSearchUtil.java:271)
	at com.intellij.psi.impl.search.LowLevelSearchUtil.processElementsContainingWordInElement(LowLevelSearchUtil.java:200)
	at com.intellij.psi.impl.search.PsiSearchHelperImpl$2.processInReadAction(PsiSearchHelperImpl.java:200)
	at com.intellij.psi.impl.search.PsiSearchHelperImpl$2.processInReadAction(PsiSearchHelperImpl.java:188)
	at com.intellij.openapi.application.ReadActionProcessor$1.compute(ReadActionProcessor.java:32)
	at com.intellij.openapi.application.ReadActionProcessor$1.compute(ReadActionProcessor.java:29)
	at com.intellij.openapi.application.impl.ApplicationImpl.runReadAction(ApplicationImpl.java:859)
	at com.intellij.openapi.application.ReadActionProcessor.process(ReadActionProcessor.java:29)
	at com.intellij.concurrency.ApplierCompleter.a(ApplierCompleter.java:123)
	at com.intellij.openapi.application.impl.ApplicationImpl.tryRunReadAction(ApplicationImpl.java:1026)
	at com.intellij.concurrency.ApplierCompleter.b(ApplierCompleter.java:96)
	at com.intellij.openapi.progress.impl.CoreProgressManager.a(CoreProgressManager.java:494)
	at com.intellij.openapi.progress.impl.CoreProgressManager.executeProcessUnderProgress(CoreProgressManager.java:443)
	at com.intellij.openapi.progress.impl.ProgressManagerImpl.executeProcessUnderProgress(ProgressManagerImpl.java:54)
	at com.intellij.concurrency.ApplierCompleter.a(ApplierCompleter.java:106)
	at com.intellij.concurrency.ApplierCompleter.compute(ApplierCompleter.java:91)
	at java.util.concurrent.CountedCompleter.exec(CountedCompleter.java:731)
	at java.util.concurrent.ForkJoinTask.doExec(ForkJoinTask.java:289)
	at java.util.concurrent.ForkJoinPool$WorkQueue.runTask(ForkJoinPool.java:1056)
	at java.util.concurrent.ForkJoinPool.runWorker(ForkJoinPool.java:1692)
	at java.util.concurrent.ForkJoinWorkerThread.run(ForkJoinWorkerThread.java:157)
[10554262]  ERROR - mpl.search.PsiSearchHelperImpl - PhpStorm 2016.2.1  Build #PS-162.1889.1 
[10554262]  ERROR - mpl.search.PsiSearchHelperImpl - JDK: 1.8.0_76-release 
[10554262]  ERROR - mpl.search.PsiSearchHelperImpl - VM: OpenJDK 64-Bit Server VM 
[10554262]  ERROR - mpl.search.PsiSearchHelperImpl - Vendor: JetBrains s.r.o 
[10554262]  ERROR - mpl.search.PsiSearchHelperImpl - OS: Linux 
[10554262]  ERROR - mpl.search.PsiSearchHelperImpl - Last Action: SaveAll 
[10555894]  ERROR - mpl.search.PsiSearchHelperImpl - com/jetbrains/twig/TwigFile 
java.lang.NoClassDefFoundError: com/jetbrains/twig/TwigFile
	at com.xenji.php.symfony2.clickableviews.TwigViewPsiReference.isReferenceTo(TwigViewPsiReference.java:155)
	at com.intellij.psi.search.SingleTargetRequestResultProcessor.processTextOccurrence(SingleTargetRequestResultProcessor.java:52)
	at com.intellij.psi.impl.search.PsiSearchHelperImpl$10.execute(PsiSearchHelperImpl.java:736)
	at com.intellij.psi.impl.search.LowLevelSearchUtil.a(LowLevelSearchUtil.java:134)
	at com.intellij.psi.impl.search.LowLevelSearchUtil.access$000(LowLevelSearchUtil.java:47)
	at com.intellij.psi.impl.search.LowLevelSearchUtil$1.execute(LowLevelSearchUtil.java:204)
	at com.intellij.psi.impl.search.LowLevelSearchUtil.processTextOccurrences(LowLevelSearchUtil.java:271)
	at com.intellij.psi.impl.search.LowLevelSearchUtil.processElementsContainingWordInElement(LowLevelSearchUtil.java:200)
	at com.intellij.psi.impl.search.PsiSearchHelperImpl$2.processInReadAction(PsiSearchHelperImpl.java:200)
	at com.intellij.psi.impl.search.PsiSearchHelperImpl$2.processInReadAction(PsiSearchHelperImpl.java:188)
	at com.intellij.openapi.application.ReadActionProcessor$1.compute(ReadActionProcessor.java:32)
	at com.intellij.openapi.application.ReadActionProcessor$1.compute(ReadActionProcessor.java:29)
	at com.intellij.openapi.application.impl.ApplicationImpl.runReadAction(ApplicationImpl.java:859)
	at com.intellij.openapi.application.ReadActionProcessor.process(ReadActionProcessor.java:29)
	at com.intellij.concurrency.ApplierCompleter.a(ApplierCompleter.java:123)
	at com.intellij.openapi.application.impl.ApplicationImpl.tryRunReadAction(ApplicationImpl.java:1026)
	at com.intellij.concurrency.ApplierCompleter.b(ApplierCompleter.java:96)
	at com.intellij.openapi.progress.impl.CoreProgressManager.a(CoreProgressManager.java:494)
	at com.intellij.openapi.progress.impl.CoreProgressManager.executeProcessUnderProgress(CoreProgressManager.java:443)
	at com.intellij.openapi.progress.impl.ProgressManagerImpl.executeProcessUnderProgress(ProgressManagerImpl.java:54)
	at com.intellij.concurrency.ApplierCompleter.a(ApplierCompleter.java:106)
	at com.intellij.concurrency.ApplierCompleter.compute(ApplierCompleter.java:91)
	at java.util.concurrent.CountedCompleter.exec(CountedCompleter.java:731)
	at java.util.concurrent.ForkJoinTask.doExec(ForkJoinTask.java:289)
	at java.util.concurrent.ForkJoinPool$WorkQueue.pollAndExecCC(ForkJoinPool.java:1190)
	at java.util.concurrent.ForkJoinPool.helpComplete(ForkJoinPool.java:1879)
	at java.util.concurrent.ForkJoinPool.awaitJoin(ForkJoinPool.java:2045)
	at java.util.concurrent.ForkJoinTask.doJoin(ForkJoinTask.java:390)
	at java.util.concurrent.ForkJoinTask.join(ForkJoinTask.java:719)
	at java.util.concurrent.ForkJoinPool.invoke(ForkJoinPool.java:2616)
	at com.intellij.concurrency.JobLauncherImpl.invokeConcurrentlyUnderProgress(JobLauncherImpl.java:60)
	at com.intellij.psi.impl.search.PsiSearchHelperImpl.processElementsWithWord(PsiSearchHelperImpl.java:208)
	at com.intellij.psi.impl.search.PsiSearchHelperImpl.a(PsiSearchHelperImpl.java:905)
	at com.intellij.psi.impl.search.PsiSearchHelperImpl.processRequests(PsiSearchHelperImpl.java:597)
	at com.intellij.psi.search.SearchRequestQuery.processResults(SearchRequestQuery.java:45)
	at com.intellij.util.AbstractQuery.forEach(AbstractQuery.java:79)
	at com.intellij.util.MergeQuery.processSubQuery(MergeQuery.java:85)
	at com.intellij.util.MergeQuery.forEach(MergeQuery.java:57)
	at com.intellij.util.UniqueResultsQuery.process(UniqueResultsQuery.java:66)
	at com.intellij.util.UniqueResultsQuery.forEach(UniqueResultsQuery.java:56)
	at com.intellij.util.UniqueResultsQuery.findAll(UniqueResultsQuery.java:79)
	at com.intellij.find.findUsages.FindUsagesHandler.findReferencesToHighlight(FindUsagesHandler.java:176)
	at com.intellij.codeInsight.daemon.impl.IdentifierHighlighterPass.a(IdentifierHighlighterPass.java:162)
	at com.intellij.codeInsight.daemon.impl.IdentifierHighlighterPass.getHighlightUsages(IdentifierHighlighterPass.java:139)
	at com.intellij.codeInsight.daemon.impl.IdentifierHighlighterPass.a(IdentifierHighlighterPass.java:195)
	at com.intellij.codeInsight.daemon.impl.IdentifierHighlighterPass.doCollectInformation(IdentifierHighlighterPass.java:106)
	at com.intellij.codeHighlighting.TextEditorHighlightingPass.collectInformation(TextEditorHighlightingPass.java:70)
	at com.intellij.codeInsight.daemon.impl.PassExecutorService$ScheduledPass.a(PassExecutorService.java:434)
	at com.intellij.openapi.application.impl.ApplicationImpl.tryRunReadAction(ApplicationImpl.java:1026)
	at com.intellij.codeInsight.daemon.impl.PassExecutorService$ScheduledPass.c(PassExecutorService.java:427)
	at com.intellij.openapi.progress.impl.CoreProgressManager.a(CoreProgressManager.java:494)
	at com.intellij.openapi.progress.impl.CoreProgressManager.executeProcessUnderProgress(CoreProgressManager.java:443)
	at com.intellij.openapi.progress.impl.ProgressManagerImpl.executeProcessUnderProgress(ProgressManagerImpl.java:54)
	at com.intellij.codeInsight.daemon.impl.PassExecutorService$ScheduledPass.b(PassExecutorService.java:426)
	at com.intellij.codeInsight.daemon.impl.PassExecutorService$ScheduledPass.run(PassExecutorService.java:402)
	at com.intellij.concurrency.JobLauncherImpl$VoidForkJoinTask$1.exec(JobLauncherImpl.java:154)
	at java.util.concurrent.ForkJoinTask.doExec(ForkJoinTask.java:289)
	at java.util.concurrent.ForkJoinPool$WorkQueue.runTask(ForkJoinPool.java:1056)
	at java.util.concurrent.ForkJoinPool.runWorker(ForkJoinPool.java:1692)
	at java.util.concurrent.ForkJoinWorkerThread.run(ForkJoinWorkerThread.java:157)
[10555895]  ERROR - mpl.search.PsiSearchHelperImpl - PhpStorm 2016.2.1  Build #PS-162.1889.1 
[10555895]  ERROR - mpl.search.PsiSearchHelperImpl - JDK: 1.8.0_76-release 
[10555895]  ERROR - mpl.search.PsiSearchHelperImpl - VM: OpenJDK 64-Bit Server VM 
[10555895]  ERROR - mpl.search.PsiSearchHelperImpl - Vendor: JetBrains s.r.o 
[10555895]  ERROR - mpl.search.PsiSearchHelperImpl - OS: Linux 
[10555895]  ERROR - mpl.search.PsiSearchHelperImpl - Last Action: SaveAll 
[11893357]  ERROR - mpl.search.PsiSearchHelperImpl - com/jetbrains/twig/TwigFile 
java.lang.NoClassDefFoundError: com/jetbrains/twig/TwigFile
	at com.xenji.php.symfony2.clickableviews.TwigViewPsiReference.isReferenceTo(TwigViewPsiReference.java:155)
	at com.intellij.psi.search.SingleTargetRequestResultProcessor.processTextOccurrence(SingleTargetRequestResultProcessor.java:52)
	at com.intellij.psi.impl.search.PsiSearchHelperImpl$10.execute(PsiSearchHelperImpl.java:736)
	at com.intellij.psi.impl.search.LowLevelSearchUtil.a(LowLevelSearchUtil.java:134)
	at com.intellij.psi.impl.search.LowLevelSearchUtil.access$000(LowLevelSearchUtil.java:47)
	at com.intellij.psi.impl.search.LowLevelSearchUtil$1.execute(LowLevelSearchUtil.java:204)
	at com.intellij.psi.impl.search.LowLevelSearchUtil.processTextOccurrences(LowLevelSearchUtil.java:271)
	at com.intellij.psi.impl.search.LowLevelSearchUtil.processElementsContainingWordInElement(LowLevelSearchUtil.java:200)
	at com.intellij.psi.impl.search.PsiSearchHelperImpl$2.processInReadAction(PsiSearchHelperImpl.java:200)
	at com.intellij.psi.impl.search.PsiSearchHelperImpl$2.processInReadAction(PsiSearchHelperImpl.java:188)
	at com.intellij.openapi.application.ReadActionProcessor$1.compute(ReadActionProcessor.java:32)
	at com.intellij.openapi.application.ReadActionProcessor$1.compute(ReadActionProcessor.java:29)
	at com.intellij.openapi.application.impl.ApplicationImpl.runReadAction(ApplicationImpl.java:859)
	at com.intellij.openapi.application.ReadActionProcessor.process(ReadActionProcessor.java:29)
	at com.intellij.concurrency.ApplierCompleter.a(ApplierCompleter.java:123)
	at com.intellij.openapi.application.impl.ApplicationImpl.tryRunReadAction(ApplicationImpl.java:1026)
	at com.intellij.concurrency.ApplierCompleter.b(ApplierCompleter.java:96)
	at com.intellij.openapi.progress.impl.CoreProgressManager.a(CoreProgressManager.java:494)
	at com.intellij.openapi.progress.impl.CoreProgressManager.executeProcessUnderProgress(CoreProgressManager.java:443)
	at com.intellij.openapi.progress.impl.ProgressManagerImpl.executeProcessUnderProgress(ProgressManagerImpl.java:54)
	at com.intellij.concurrency.ApplierCompleter.a(ApplierCompleter.java:106)
	at com.intellij.concurrency.ApplierCompleter.compute(ApplierCompleter.java:91)
	at java.util.concurrent.CountedCompleter.exec(CountedCompleter.java:731)
	at java.util.concurrent.ForkJoinTask.doExec(ForkJoinTask.java:289)
	at java.util.concurrent.ForkJoinPool$WorkQueue.runTask(ForkJoinPool.java:1056)
	at java.util.concurrent.ForkJoinPool.runWorker(ForkJoinPool.java:1692)
	at java.util.concurrent.ForkJoinWorkerThread.run(ForkJoinWorkerThread.java:157)
[11893358]  ERROR - mpl.search.PsiSearchHelperImpl - PhpStorm 2016.2.1  Build #PS-162.1889.1 
[11893358]  ERROR - mpl.search.PsiSearchHelperImpl - JDK: 1.8.0_76-release 
[11893358]  ERROR - mpl.search.PsiSearchHelperImpl - VM: OpenJDK 64-Bit Server VM 
[11893358]  ERROR - mpl.search.PsiSearchHelperImpl - Vendor: JetBrains s.r.o 
[11893358]  ERROR - mpl.search.PsiSearchHelperImpl - OS: Linux 
[11893358]  ERROR - mpl.search.PsiSearchHelperImpl - Last Action: EditorDown 
